2021-05-08 11:14:27,952 INFO org.springframework.boot.StartupInfoLogger [restartedMain] Starting ArealestateapplicationApplication using Java 15.0.2 on LAPTOP-34K7VGO8 with PID 18300 (C:\Users\Bhargavi\eclipse-workspace\arealestateapplication\target\classes started by Bhargavi in C:\Users\Bhargavi\eclipse-workspace\arealestateapplication)
2021-05-08 11:14:27,953 INFO org.springframework.boot.SpringApplication [restartedMain] No active profile set, falling back to default profiles: default
2021-05-08 11:14:28,240 INFO org.springframework.data.repository.config.RepositoryConfigurationDelegate [restartedMain] Bootstrapping Spring Data JPA repositories in DEFAULT mode.
2021-05-08 11:14:28,267 INFO org.springframework.data.repository.config.RepositoryConfigurationDelegate [restartedMain] Finished Spring Data repository scanning in 25 ms. Found 5 JPA repository interfaces.
2021-05-08 11:14:28,367 INFO org.springframework.boot.web.embedded.tomcat.TomcatWebServer [restartedMain] Tomcat initialized with port(s): 8083 (http)
2021-05-08 11:14:28,368 INFO org.apache.juli.logging.DirectJDKLog [restartedMain] Starting service [Tomcat]
2021-05-08 11:14:28,369 INFO org.apache.juli.logging.DirectJDKLog [restartedMain] Starting Servlet engine: [Apache Tomcat/9.0.45]
2021-05-08 11:14:28,394 INFO org.apache.juli.logging.DirectJDKLog [restartedMain] Initializing Spring embedded WebApplicationContext
2021-05-08 11:14:28,395 INFO org.springframework.boot.web.servlet.context.ServletWebServerApplicationContext [restartedMain] Root WebApplicationContext: initialization completed in 439 ms
2021-05-08 11:14:28,459 INFO com.zaxxer.hikari.HikariDataSource [restartedMain] HikariPool-3 - Starting...
2021-05-08 11:14:28,460 WARN com.zaxxer.hikari.util.DriverDataSource [restartedMain] Registered driver with driverClassName=oracle.jdbc.driver.OracleDriver was not found, trying direct instantiation.
2021-05-08 11:14:28,488 INFO com.zaxxer.hikari.HikariDataSource [restartedMain] HikariPool-3 - Start completed.
2021-05-08 11:14:28,499 INFO org.hibernate.jpa.internal.util.LogHelper [restartedMain] HHH000204: Processing PersistenceUnitInfo [name: default]
2021-05-08 11:14:28,507 INFO org.hibernate.dialect.Dialect [restartedMain] HHH000400: Using dialect: org.hibernate.dialect.Oracle10gDialect
2021-05-08 11:14:28,574 INFO org.hibernate.tuple.PojoInstantiator [restartedMain] HHH000182: No default (no-argument) constructor for class: com.cg.entity.Deal (class must be instantiated by Interceptor)
2021-05-08 11:14:28,668 INFO org.hibernate.engine.transaction.jta.platform.internal.JtaPlatformInitiator [restartedMain] HHH000490: Using JtaPlatform implementation: [org.hibernate.engine.transaction.jta.platform.internal.NoJtaPlatform]
2021-05-08 11:14:28,670 INFO org.springframework.orm.jpa.AbstractEntityManagerFactoryBean [restartedMain] Initialized JPA EntityManagerFactory for persistence unit 'default'
2021-05-08 11:14:28,787 WARN org.springframework.boot.autoconfigure.orm.jpa.JpaBaseConfiguration$JpaWebConfiguration [restartedMain] spring.jpa.open-in-view is enabled by default. Therefore, database queries may be performed during view rendering. Explicitly configure spring.jpa.open-in-view to disable this warning
2021-05-08 11:14:28,822 INFO org.springframework.scheduling.concurrent.ExecutorConfigurationSupport [restartedMain] Initializing ExecutorService 'applicationTaskExecutor'
2021-05-08 11:14:28,917 INFO org.springframework.boot.devtools.autoconfigure.OptionalLiveReloadServer [restartedMain] LiveReload server is running on port 35729
2021-05-08 11:14:28,928 INFO org.springframework.boot.web.embedded.tomcat.TomcatWebServer [restartedMain] Tomcat started on port(s): 8083 (http) with context path ''
2021-05-08 11:14:28,933 INFO org.springframework.boot.StartupInfoLogger [restartedMain] Started ArealestateapplicationApplication in 1.098 seconds (JVM running for 6896.903)
2021-05-08 11:14:28,936 INFO org.springframework.boot.devtools.autoconfigure.ConditionEvaluationDeltaLoggingListener [restartedMain] Condition evaluation unchanged
2021-05-08 11:29:08,546 INFO org.springframework.scheduling.concurrent.ExecutorConfigurationSupport [Thread-23] Shutting down ExecutorService 'applicationTaskExecutor'
2021-05-08 11:29:08,547 INFO org.springframework.orm.jpa.AbstractEntityManagerFactoryBean [Thread-23] Closing JPA EntityManagerFactory for persistence unit 'default'
2021-05-08 11:29:08,548 INFO com.zaxxer.hikari.HikariDataSource [Thread-23] HikariPool-3 - Shutdown initiated...
2021-05-08 11:29:08,556 INFO com.zaxxer.hikari.HikariDataSource [Thread-23] HikariPool-3 - Shutdown completed.
2021-05-08 11:29:08,666 INFO org.springframework.boot.StartupInfoLogger [restartedMain] Starting ArealestateapplicationApplication using Java 15.0.2 on LAPTOP-34K7VGO8 with PID 18300 (C:\Users\Bhargavi\eclipse-workspace\arealestateapplication\target\classes started by Bhargavi in C:\Users\Bhargavi\eclipse-workspace\arealestateapplication)
2021-05-08 11:29:08,667 INFO org.springframework.boot.SpringApplication [restartedMain] No active profile set, falling back to default profiles: default
2021-05-08 11:29:08,947 INFO org.springframework.data.repository.config.RepositoryConfigurationDelegate [restartedMain] Bootstrapping Spring Data JPA repositories in DEFAULT mode.
2021-05-08 11:29:08,982 INFO org.springframework.data.repository.config.RepositoryConfigurationDelegate [restartedMain] Finished Spring Data repository scanning in 33 ms. Found 5 JPA repository interfaces.
2021-05-08 11:29:09,080 INFO org.springframework.boot.web.embedded.tomcat.TomcatWebServer [restartedMain] Tomcat initialized with port(s): 8083 (http)
2021-05-08 11:29:09,080 INFO org.apache.juli.logging.DirectJDKLog [restartedMain] Starting service [Tomcat]
2021-05-08 11:29:09,081 INFO org.apache.juli.logging.DirectJDKLog [restartedMain] Starting Servlet engine: [Apache Tomcat/9.0.45]
2021-05-08 11:29:09,100 INFO org.apache.juli.logging.DirectJDKLog [restartedMain] Initializing Spring embedded WebApplicationContext
2021-05-08 11:29:09,101 INFO org.springframework.boot.web.servlet.context.ServletWebServerApplicationContext [restartedMain] Root WebApplicationContext: initialization completed in 430 ms
2021-05-08 11:29:09,139 INFO com.zaxxer.hikari.HikariDataSource [restartedMain] HikariPool-4 - Starting...
2021-05-08 11:29:09,139 WARN com.zaxxer.hikari.util.DriverDataSource [restartedMain] Registered driver with driverClassName=oracle.jdbc.driver.OracleDriver was not found, trying direct instantiation.
2021-05-08 11:29:09,160 INFO com.zaxxer.hikari.HikariDataSource [restartedMain] HikariPool-4 - Start completed.
2021-05-08 11:29:09,166 INFO org.hibernate.jpa.internal.util.LogHelper [restartedMain] HHH000204: Processing PersistenceUnitInfo [name: default]
2021-05-08 11:29:09,174 INFO org.hibernate.dialect.Dialect [restartedMain] HHH000400: Using dialect: org.hibernate.dialect.Oracle10gDialect
2021-05-08 11:29:09,223 INFO org.hibernate.tuple.PojoInstantiator [restartedMain] HHH000182: No default (no-argument) constructor for class: com.cg.entity.Deal (class must be instantiated by Interceptor)
2021-05-08 11:29:09,293 INFO org.hibernate.engine.transaction.jta.platform.internal.JtaPlatformInitiator [restartedMain] HHH000490: Using JtaPlatform implementation: [org.hibernate.engine.transaction.jta.platform.internal.NoJtaPlatform]
2021-05-08 11:29:09,295 INFO org.springframework.orm.jpa.AbstractEntityManagerFactoryBean [restartedMain] Initialized JPA EntityManagerFactory for persistence unit 'default'
2021-05-08 11:29:09,440 WARN org.springframework.boot.autoconfigure.orm.jpa.JpaBaseConfiguration$JpaWebConfiguration [restartedMain] spring.jpa.open-in-view is enabled by default. Therefore, database queries may be performed during view rendering. Explicitly configure spring.jpa.open-in-view to disable this warning
2021-05-08 11:29:09,473 INFO org.springframework.scheduling.concurrent.ExecutorConfigurationSupport [restartedMain] Initializing ExecutorService 'applicationTaskExecutor'
2021-05-08 11:29:09,554 INFO org.springframework.boot.devtools.autoconfigure.OptionalLiveReloadServer [restartedMain] LiveReload server is running on port 35729
2021-05-08 11:29:09,567 INFO org.springframework.boot.web.embedded.tomcat.TomcatWebServer [restartedMain] Tomcat started on port(s): 8083 (http) with context path ''
2021-05-08 11:29:09,571 INFO org.springframework.boot.StartupInfoLogger [restartedMain] Started ArealestateapplicationApplication in 0.964 seconds (JVM running for 7777.541)
2021-05-08 11:29:09,572 INFO org.springframework.boot.devtools.autoconfigure.ConditionEvaluationDeltaLoggingListener [restartedMain] Condition evaluation unchanged
2021-05-08 11:36:04,948 INFO org.springframework.scheduling.concurrent.ExecutorConfigurationSupport [Thread-29] Shutting down ExecutorService 'applicationTaskExecutor'
2021-05-08 11:36:04,949 INFO org.springframework.orm.jpa.AbstractEntityManagerFactoryBean [Thread-29] Closing JPA EntityManagerFactory for persistence unit 'default'
2021-05-08 11:36:04,950 INFO com.zaxxer.hikari.HikariDataSource [Thread-29] HikariPool-4 - Shutdown initiated...
2021-05-08 11:36:04,957 INFO com.zaxxer.hikari.HikariDataSource [Thread-29] HikariPool-4 - Shutdown completed.
2021-05-08 11:36:05,033 INFO org.springframework.boot.StartupInfoLogger [restartedMain] Starting ArealestateapplicationApplication using Java 15.0.2 on LAPTOP-34K7VGO8 with PID 18300 (C:\Users\Bhargavi\eclipse-workspace\arealestateapplication\target\classes started by Bhargavi in C:\Users\Bhargavi\eclipse-workspace\arealestateapplication)
2021-05-08 11:36:05,034 INFO org.springframework.boot.SpringApplication [restartedMain] No active profile set, falling back to default profiles: default
2021-05-08 11:36:05,219 INFO org.springframework.data.repository.config.RepositoryConfigurationDelegate [restartedMain] Bootstrapping Spring Data JPA repositories in DEFAULT mode.
2021-05-08 11:36:05,255 INFO org.springframework.data.repository.config.RepositoryConfigurationDelegate [restartedMain] Finished Spring Data repository scanning in 35 ms. Found 5 JPA repository interfaces.
2021-05-08 11:36:05,372 INFO org.springframework.boot.web.embedded.tomcat.TomcatWebServer [restartedMain] Tomcat initialized with port(s): 8083 (http)
2021-05-08 11:36:05,374 INFO org.apache.juli.logging.DirectJDKLog [restartedMain] Starting service [Tomcat]
2021-05-08 11:36:05,374 INFO org.apache.juli.logging.DirectJDKLog [restartedMain] Starting Servlet engine: [Apache Tomcat/9.0.45]
2021-05-08 11:36:05,414 INFO org.apache.juli.logging.DirectJDKLog [restartedMain] Initializing Spring embedded WebApplicationContext
2021-05-08 11:36:05,414 INFO org.springframework.boot.web.servlet.context.ServletWebServerApplicationContext [restartedMain] Root WebApplicationContext: initialization completed in 377 ms
2021-05-08 11:36:05,457 INFO com.zaxxer.hikari.HikariDataSource [restartedMain] HikariPool-5 - Starting...
2021-05-08 11:36:05,458 WARN com.zaxxer.hikari.util.DriverDataSource [restartedMain] Registered driver with driverClassName=oracle.jdbc.driver.OracleDriver was not found, trying direct instantiation.
2021-05-08 11:36:05,475 INFO com.zaxxer.hikari.HikariDataSource [restartedMain] HikariPool-5 - Start completed.
2021-05-08 11:36:05,483 INFO org.hibernate.jpa.internal.util.LogHelper [restartedMain] HHH000204: Processing PersistenceUnitInfo [name: default]
2021-05-08 11:36:05,491 INFO org.hibernate.dialect.Dialect [restartedMain] HHH000400: Using dialect: org.hibernate.dialect.Oracle10gDialect
2021-05-08 11:36:05,541 INFO org.hibernate.tuple.PojoInstantiator [restartedMain] HHH000182: No default (no-argument) constructor for class: com.cg.entity.Deal (class must be instantiated by Interceptor)
2021-05-08 11:36:05,582 INFO org.hibernate.engine.transaction.jta.platform.internal.JtaPlatformInitiator [restartedMain] HHH000490: Using JtaPlatform implementation: [org.hibernate.engine.transaction.jta.platform.internal.NoJtaPlatform]
2021-05-08 11:36:05,582 INFO org.springframework.orm.jpa.AbstractEntityManagerFactoryBean [restartedMain] Initialized JPA EntityManagerFactory for persistence unit 'default'
2021-05-08 11:36:05,835 WARN org.springframework.boot.autoconfigure.orm.jpa.JpaBaseConfiguration$JpaWebConfiguration [restartedMain] spring.jpa.open-in-view is enabled by default. Therefore, database queries may be performed during view rendering. Explicitly configure spring.jpa.open-in-view to disable this warning
2021-05-08 11:36:05,879 INFO org.springframework.scheduling.concurrent.ExecutorConfigurationSupport [restartedMain] Initializing ExecutorService 'applicationTaskExecutor'
2021-05-08 11:36:06,005 INFO org.springframework.boot.devtools.autoconfigure.OptionalLiveReloadServer [restartedMain] LiveReload server is running on port 35729
2021-05-08 11:36:06,023 INFO org.springframework.boot.web.embedded.tomcat.TomcatWebServer [restartedMain] Tomcat started on port(s): 8083 (http) with context path ''
2021-05-08 11:36:06,027 INFO org.springframework.boot.StartupInfoLogger [restartedMain] Started ArealestateapplicationApplication in 1.021 seconds (JVM running for 8193.998)
2021-05-08 11:36:06,030 INFO org.springframework.boot.devtools.autoconfigure.ConditionEvaluationDeltaLoggingListener [restartedMain] Condition evaluation unchanged
2021-05-08 11:40:21,223 INFO org.springframework.scheduling.concurrent.ExecutorConfigurationSupport [Thread-35] Shutting down ExecutorService 'applicationTaskExecutor'
2021-05-08 11:40:21,223 INFO org.springframework.orm.jpa.AbstractEntityManagerFactoryBean [Thread-35] Closing JPA EntityManagerFactory for persistence unit 'default'
2021-05-08 11:40:21,224 INFO com.zaxxer.hikari.HikariDataSource [Thread-35] HikariPool-5 - Shutdown initiated...
2021-05-08 11:40:21,229 INFO com.zaxxer.hikari.HikariDataSource [Thread-35] HikariPool-5 - Shutdown completed.
2021-05-08 11:40:21,302 INFO org.springframework.boot.StartupInfoLogger [restartedMain] Starting ArealestateapplicationApplication using Java 15.0.2 on LAPTOP-34K7VGO8 with PID 18300 (C:\Users\Bhargavi\eclipse-workspace\arealestateapplication\target\classes started by Bhargavi in C:\Users\Bhargavi\eclipse-workspace\arealestateapplication)
2021-05-08 11:40:21,302 INFO org.springframework.boot.SpringApplication [restartedMain] No active profile set, falling back to default profiles: default
2021-05-08 11:40:21,519 INFO org.springframework.data.repository.config.RepositoryConfigurationDelegate [restartedMain] Bootstrapping Spring Data JPA repositories in DEFAULT mode.
2021-05-08 11:40:21,552 INFO org.springframework.data.repository.config.RepositoryConfigurationDelegate [restartedMain] Finished Spring Data repository scanning in 32 ms. Found 5 JPA repository interfaces.
2021-05-08 11:40:21,650 INFO org.springframework.boot.web.embedded.tomcat.TomcatWebServer [restartedMain] Tomcat initialized with port(s): 8083 (http)
2021-05-08 11:40:21,651 INFO org.apache.juli.logging.DirectJDKLog [restartedMain] Starting service [Tomcat]
2021-05-08 11:40:21,652 INFO org.apache.juli.logging.DirectJDKLog [restartedMain] Starting Servlet engine: [Apache Tomcat/9.0.45]
2021-05-08 11:40:21,708 INFO org.apache.juli.logging.DirectJDKLog [restartedMain] Initializing Spring embedded WebApplicationContext
2021-05-08 11:40:21,709 INFO org.springframework.boot.web.servlet.context.ServletWebServerApplicationContext [restartedMain] Root WebApplicationContext: initialization completed in 403 ms
2021-05-08 11:40:21,744 INFO com.zaxxer.hikari.HikariDataSource [restartedMain] HikariPool-6 - Starting...
2021-05-08 11:40:21,745 WARN com.zaxxer.hikari.util.DriverDataSource [restartedMain] Registered driver with driverClassName=oracle.jdbc.driver.OracleDriver was not found, trying direct instantiation.
2021-05-08 11:40:21,761 INFO com.zaxxer.hikari.HikariDataSource [restartedMain] HikariPool-6 - Start completed.
2021-05-08 11:40:21,768 INFO org.hibernate.jpa.internal.util.LogHelper [restartedMain] HHH000204: Processing PersistenceUnitInfo [name: default]
2021-05-08 11:40:21,779 INFO org.hibernate.dialect.Dialect [restartedMain] HHH000400: Using dialect: org.hibernate.dialect.Oracle10gDialect
2021-05-08 11:40:21,825 INFO org.hibernate.tuple.PojoInstantiator [restartedMain] HHH000182: No default (no-argument) constructor for class: com.cg.entity.Deal (class must be instantiated by Interceptor)
2021-05-08 11:40:21,862 INFO org.hibernate.engine.transaction.jta.platform.internal.JtaPlatformInitiator [restartedMain] HHH000490: Using JtaPlatform implementation: [org.hibernate.engine.transaction.jta.platform.internal.NoJtaPlatform]
2021-05-08 11:40:21,863 INFO org.springframework.orm.jpa.AbstractEntityManagerFactoryBean [restartedMain] Initialized JPA EntityManagerFactory for persistence unit 'default'
2021-05-08 11:40:22,056 WARN org.springframework.boot.autoconfigure.orm.jpa.JpaBaseConfiguration$JpaWebConfiguration [restartedMain] spring.jpa.open-in-view is enabled by default. Therefore, database queries may be performed during view rendering. Explicitly configure spring.jpa.open-in-view to disable this warning
2021-05-08 11:40:22,090 INFO org.springframework.scheduling.concurrent.ExecutorConfigurationSupport [restartedMain] Initializing ExecutorService 'applicationTaskExecutor'
2021-05-08 11:40:22,176 INFO org.springframework.boot.devtools.autoconfigure.OptionalLiveReloadServer [restartedMain] LiveReload server is running on port 35729
2021-05-08 11:40:22,187 INFO org.springframework.boot.web.embedded.tomcat.TomcatWebServer [restartedMain] Tomcat started on port(s): 8083 (http) with context path ''
2021-05-08 11:40:22,192 INFO org.springframework.boot.StartupInfoLogger [restartedMain] Started ArealestateapplicationApplication in 0.916 seconds (JVM running for 8450.162)
2021-05-08 11:40:22,193 INFO org.springframework.boot.devtools.autoconfigure.ConditionEvaluationDeltaLoggingListener [restartedMain] Condition evaluation unchanged
2021-05-08 11:46:33,981 INFO org.springframework.scheduling.concurrent.ExecutorConfigurationSupport [Thread-41] Shutting down ExecutorService 'applicationTaskExecutor'
2021-05-08 11:46:33,982 INFO org.springframework.orm.jpa.AbstractEntityManagerFactoryBean [Thread-41] Closing JPA EntityManagerFactory for persistence unit 'default'
2021-05-08 11:46:33,982 INFO com.zaxxer.hikari.HikariDataSource [Thread-41] HikariPool-6 - Shutdown initiated...
2021-05-08 11:46:33,989 INFO com.zaxxer.hikari.HikariDataSource [Thread-41] HikariPool-6 - Shutdown completed.
2021-05-08 11:46:34,058 INFO org.springframework.boot.StartupInfoLogger [restartedMain] Starting ArealestateapplicationApplication using Java 15.0.2 on LAPTOP-34K7VGO8 with PID 18300 (C:\Users\Bhargavi\eclipse-workspace\arealestateapplication\target\classes started by Bhargavi in C:\Users\Bhargavi\eclipse-workspace\arealestateapplication)
2021-05-08 11:46:34,058 INFO org.springframework.boot.SpringApplication [restartedMain] No active profile set, falling back to default profiles: default
2021-05-08 11:46:34,271 INFO org.springframework.data.repository.config.RepositoryConfigurationDelegate [restartedMain] Bootstrapping Spring Data JPA repositories in DEFAULT mode.
2021-05-08 11:46:34,305 INFO org.springframework.data.repository.config.RepositoryConfigurationDelegate [restartedMain] Finished Spring Data repository scanning in 34 ms. Found 5 JPA repository interfaces.
2021-05-08 11:46:34,429 INFO org.springframework.boot.web.embedded.tomcat.TomcatWebServer [restartedMain] Tomcat initialized with port(s): 8083 (http)
2021-05-08 11:46:34,430 INFO org.apache.juli.logging.DirectJDKLog [restartedMain] Starting service [Tomcat]
2021-05-08 11:46:34,430 INFO org.apache.juli.logging.DirectJDKLog [restartedMain] Starting Servlet engine: [Apache Tomcat/9.0.45]
2021-05-08 11:46:34,473 INFO org.apache.juli.logging.DirectJDKLog [restartedMain] Initializing Spring embedded WebApplicationContext
2021-05-08 11:46:34,474 INFO org.springframework.boot.web.servlet.context.ServletWebServerApplicationContext [restartedMain] Root WebApplicationContext: initialization completed in 413 ms
2021-05-08 11:46:34,507 INFO com.zaxxer.hikari.HikariDataSource [restartedMain] HikariPool-7 - Starting...
2021-05-08 11:46:34,507 WARN com.zaxxer.hikari.util.DriverDataSource [restartedMain] Registered driver with driverClassName=oracle.jdbc.driver.OracleDriver was not found, trying direct instantiation.
2021-05-08 11:46:34,529 INFO com.zaxxer.hikari.HikariDataSource [restartedMain] HikariPool-7 - Start completed.
2021-05-08 11:46:34,538 INFO org.hibernate.jpa.internal.util.LogHelper [restartedMain] HHH000204: Processing PersistenceUnitInfo [name: default]
2021-05-08 11:46:34,543 INFO org.hibernate.dialect.Dialect [restartedMain] HHH000400: Using dialect: org.hibernate.dialect.Oracle10gDialect
2021-05-08 11:46:34,597 INFO org.hibernate.tuple.PojoInstantiator [restartedMain] HHH000182: No default (no-argument) constructor for class: com.cg.entity.Deal (class must be instantiated by Interceptor)
2021-05-08 11:46:34,660 INFO org.hibernate.engine.transaction.jta.platform.internal.JtaPlatformInitiator [restartedMain] HHH000490: Using JtaPlatform implementation: [org.hibernate.engine.transaction.jta.platform.internal.NoJtaPlatform]
2021-05-08 11:46:34,661 INFO org.springframework.orm.jpa.AbstractEntityManagerFactoryBean [restartedMain] Initialized JPA EntityManagerFactory for persistence unit 'default'
2021-05-08 11:46:34,805 WARN org.springframework.boot.autoconfigure.orm.jpa.JpaBaseConfiguration$JpaWebConfiguration [restartedMain] spring.jpa.open-in-view is enabled by default. Therefore, database queries may be performed during view rendering. Explicitly configure spring.jpa.open-in-view to disable this warning
2021-05-08 11:46:34,838 INFO org.springframework.scheduling.concurrent.ExecutorConfigurationSupport [restartedMain] Initializing ExecutorService 'applicationTaskExecutor'
2021-05-08 11:46:34,921 INFO org.springframework.boot.devtools.autoconfigure.OptionalLiveReloadServer [restartedMain] LiveReload server is running on port 35729
2021-05-08 11:46:34,933 INFO org.springframework.boot.web.embedded.tomcat.TomcatWebServer [restartedMain] Tomcat started on port(s): 8083 (http) with context path ''
2021-05-08 11:46:34,937 INFO org.springframework.boot.StartupInfoLogger [restartedMain] Started ArealestateapplicationApplication in 0.905 seconds (JVM running for 8822.908)
2021-05-08 11:46:34,938 INFO org.springframework.boot.devtools.autoconfigure.ConditionEvaluationDeltaLoggingListener [restartedMain] Condition evaluation unchanged
2021-05-08 12:15:56,582 INFO org.springframework.scheduling.concurrent.ExecutorConfigurationSupport [Thread-47] Shutting down ExecutorService 'applicationTaskExecutor'
2021-05-08 12:15:56,582 INFO org.springframework.orm.jpa.AbstractEntityManagerFactoryBean [Thread-47] Closing JPA EntityManagerFactory for persistence unit 'default'
2021-05-08 12:15:56,583 INFO com.zaxxer.hikari.HikariDataSource [Thread-47] HikariPool-7 - Shutdown initiated...
2021-05-08 12:15:56,592 INFO com.zaxxer.hikari.HikariDataSource [Thread-47] HikariPool-7 - Shutdown completed.
2021-05-08 12:15:56,685 INFO org.springframework.boot.StartupInfoLogger [restartedMain] Starting ArealestateapplicationApplication using Java 15.0.2 on LAPTOP-34K7VGO8 with PID 18300 (C:\Users\Bhargavi\eclipse-workspace\arealestateapplication\target\classes started by Bhargavi in C:\Users\Bhargavi\eclipse-workspace\arealestateapplication)
2021-05-08 12:15:56,686 INFO org.springframework.boot.SpringApplication [restartedMain] No active profile set, falling back to default profiles: default
2021-05-08 12:15:56,954 INFO org.springframework.data.repository.config.RepositoryConfigurationDelegate [restartedMain] Bootstrapping Spring Data JPA repositories in DEFAULT mode.
2021-05-08 12:15:56,983 INFO org.springframework.data.repository.config.RepositoryConfigurationDelegate [restartedMain] Finished Spring Data repository scanning in 28 ms. Found 5 JPA repository interfaces.
2021-05-08 12:15:57,102 INFO org.springframework.boot.web.embedded.tomcat.TomcatWebServer [restartedMain] Tomcat initialized with port(s): 8083 (http)
2021-05-08 12:15:57,103 INFO org.apache.juli.logging.DirectJDKLog [restartedMain] Starting service [Tomcat]
2021-05-08 12:15:57,103 INFO org.apache.juli.logging.DirectJDKLog [restartedMain] Starting Servlet engine: [Apache Tomcat/9.0.45]
2021-05-08 12:15:57,121 INFO org.apache.juli.logging.DirectJDKLog [restartedMain] Initializing Spring embedded WebApplicationContext
2021-05-08 12:15:57,121 INFO org.springframework.boot.web.servlet.context.ServletWebServerApplicationContext [restartedMain] Root WebApplicationContext: initialization completed in 433 ms
2021-05-08 12:15:57,156 INFO com.zaxxer.hikari.HikariDataSource [restartedMain] HikariPool-8 - Starting...
2021-05-08 12:15:57,156 WARN com.zaxxer.hikari.util.DriverDataSource [restartedMain] Registered driver with driverClassName=oracle.jdbc.driver.OracleDriver was not found, trying direct instantiation.
2021-05-08 12:15:57,172 INFO com.zaxxer.hikari.HikariDataSource [restartedMain] HikariPool-8 - Start completed.
2021-05-08 12:15:57,178 INFO org.hibernate.jpa.internal.util.LogHelper [restartedMain] HHH000204: Processing PersistenceUnitInfo [name: default]
2021-05-08 12:15:57,183 INFO org.hibernate.dialect.Dialect [restartedMain] HHH000400: Using dialect: org.hibernate.dialect.Oracle10gDialect
2021-05-08 12:15:57,241 INFO org.hibernate.tuple.PojoInstantiator [restartedMain] HHH000182: No default (no-argument) constructor for class: com.cg.entity.Deal (class must be instantiated by Interceptor)
2021-05-08 12:15:57,364 INFO org.hibernate.engine.transaction.jta.platform.internal.JtaPlatformInitiator [restartedMain] HHH000490: Using JtaPlatform implementation: [org.hibernate.engine.transaction.jta.platform.internal.NoJtaPlatform]
2021-05-08 12:15:57,365 INFO org.springframework.orm.jpa.AbstractEntityManagerFactoryBean [restartedMain] Initialized JPA EntityManagerFactory for persistence unit 'default'
2021-05-08 12:15:57,608 WARN org.springframework.context.support.AbstractApplicationContext [restartedMain] Exception encountered during context initialization - cancelling refresh attempt: org.springframework.beans.factory.UnsatisfiedDependencyException: Error creating bean with name 'customerController': Unsatisfied dependency expressed through field 'customerService'; nested exception is org.springframework.beans.factory.UnsatisfiedDependencyException: Error creating bean with name 'ICustomerServiceImpl': Unsatisfied dependency expressed through field 'customerRepo'; nested exception is org.springframework.beans.factory.BeanCreationException: Error creating bean with name 'ICustomerRepo' defined in com.cg.repository.ICustomerRepo defined in @EnableJpaRepositories declared on JpaRepositoriesRegistrar.EnableJpaRepositoriesConfiguration: Invocation of init method failed; nested exception is java.lang.IllegalArgumentException: Failed to create query for method public abstract com.cg.entity.Customer com.cg.repository.ICustomerRepo.viewCustomer(java.lang.String)! No property viewCustomer found for type Customer!
2021-05-08 12:15:57,608 INFO org.springframework.orm.jpa.AbstractEntityManagerFactoryBean [restartedMain] Closing JPA EntityManagerFactory for persistence unit 'default'
2021-05-08 12:15:57,609 INFO com.zaxxer.hikari.HikariDataSource [restartedMain] HikariPool-8 - Shutdown initiated...
2021-05-08 12:15:59,645 INFO com.zaxxer.hikari.HikariDataSource [restartedMain] HikariPool-8 - Shutdown completed.
2021-05-08 12:15:59,646 INFO org.apache.juli.logging.DirectJDKLog [restartedMain] Stopping service [Tomcat]
2021-05-08 12:15:59,653 INFO org.springframework.boot.autoconfigure.logging.ConditionEvaluationReportLoggingListener [restartedMain] 

Error starting ApplicationContext. To display the conditions report re-run your application with 'debug' enabled.
2021-05-08 12:15:59,676 ERROR org.springframework.boot.SpringApplication [restartedMain] Application run failed
org.springframework.beans.factory.UnsatisfiedDependencyException: Error creating bean with name 'customerController': Unsatisfied dependency expressed through field 'customerService'; nested exception is org.springframework.beans.factory.UnsatisfiedDependencyException: Error creating bean with name 'ICustomerServiceImpl': Unsatisfied dependency expressed through field 'customerRepo'; nested exception is org.springframework.beans.factory.BeanCreationException: Error creating bean with name 'ICustomerRepo' defined in com.cg.repository.ICustomerRepo defined in @EnableJpaRepositories declared on JpaRepositoriesRegistrar.EnableJpaRepositoriesConfiguration: Invocation of init method failed; nested exception is java.lang.IllegalArgumentException: Failed to create query for method public abstract com.cg.entity.Customer com.cg.repository.ICustomerRepo.viewCustomer(java.lang.String)! No property viewCustomer found for type Customer!
	at org.springframework.beans.factory.annotation.AutowiredAnnotationBeanPostProcessor$AutowiredFieldElement.resolveFieldValue(AutowiredAnnotationBeanPostProcessor.java:660)
	at org.springframework.beans.factory.annotation.AutowiredAnnotationBeanPostProcessor$AutowiredFieldElement.inject(AutowiredAnnotationBeanPostProcessor.java:640)
	at org.springframework.beans.factory.annotation.InjectionMetadata.inject(InjectionMetadata.java:119)
	at org.springframework.beans.factory.annotation.AutowiredAnnotationBeanPostProcessor.postProcessProperties(AutowiredAnnotationBeanPostProcessor.java:399)
	at org.springframework.beans.factory.support.AbstractAutowireCapableBeanFactory.populateBean(AbstractAutowireCapableBeanFactory.java:1413)
	at org.springframework.beans.factory.support.AbstractAutowireCapableBeanFactory.doCreateBean(AbstractAutowireCapableBeanFactory.java:601)
	at org.springframework.beans.factory.support.AbstractAutowireCapableBeanFactory.createBean(AbstractAutowireCapableBeanFactory.java:524)
	at org.springframework.beans.factory.support.AbstractBeanFactory.lambda$doGetBean$0(AbstractBeanFactory.java:335)
	at org.springframework.beans.factory.support.DefaultSingletonBeanRegistry.getSingleton(DefaultSingletonBeanRegistry.java:234)
	at org.springframework.beans.factory.support.AbstractBeanFactory.doGetBean(AbstractBeanFactory.java:333)
	at org.springframework.beans.factory.support.AbstractBeanFactory.getBean(AbstractBeanFactory.java:208)
	at org.springframework.beans.factory.support.DefaultListableBeanFactory.preInstantiateSingletons(DefaultListableBeanFactory.java:944)
	at org.springframework.context.support.AbstractApplicationContext.finishBeanFactoryInitialization(AbstractApplicationContext.java:918)
	at org.springframework.context.support.AbstractApplicationContext.refresh(AbstractApplicationContext.java:583)
	at org.springframework.boot.web.servlet.context.ServletWebServerApplicationContext.refresh(ServletWebServerApplicationContext.java:144)
	at org.springframework.boot.SpringApplication.refresh(SpringApplication.java:782)
	at org.springframework.boot.SpringApplication.refresh(SpringApplication.java:774)
	at org.springframework.boot.SpringApplication.refreshContext(SpringApplication.java:439)
	at org.springframework.boot.SpringApplication.run(SpringApplication.java:339)
	at org.springframework.boot.SpringApplication.run(SpringApplication.java:1340)
	at org.springframework.boot.SpringApplication.run(SpringApplication.java:1329)
	at com.cg.ArealestateapplicationApplication.main(ArealestateapplicationApplication.java:10)
	at java.base/jdk.internal.reflect.NativeMethodAccessorImpl.invoke0(Native Method)
	at java.base/jdk.internal.reflect.NativeMethodAccessorImpl.invoke(NativeMethodAccessorImpl.java:64)
	at java.base/jdk.internal.reflect.DelegatingMethodAccessorImpl.invoke(DelegatingMethodAccessorImpl.java:43)
	at java.base/java.lang.reflect.Method.invoke(Method.java:564)
	at org.springframework.boot.devtools.restart.RestartLauncher.run(RestartLauncher.java:49)
Caused by: org.springframework.beans.factory.UnsatisfiedDependencyException: Error creating bean with name 'ICustomerServiceImpl': Unsatisfied dependency expressed through field 'customerRepo'; nested exception is org.springframework.beans.factory.BeanCreationException: Error creating bean with name 'ICustomerRepo' defined in com.cg.repository.ICustomerRepo defined in @EnableJpaRepositories declared on JpaRepositoriesRegistrar.EnableJpaRepositoriesConfiguration: Invocation of init method failed; nested exception is java.lang.IllegalArgumentException: Failed to create query for method public abstract com.cg.entity.Customer com.cg.repository.ICustomerRepo.viewCustomer(java.lang.String)! No property viewCustomer found for type Customer!
	at org.springframework.beans.factory.annotation.AutowiredAnnotationBeanPostProcessor$AutowiredFieldElement.resolveFieldValue(AutowiredAnnotationBeanPostProcessor.java:660)
	at org.springframework.beans.factory.annotation.AutowiredAnnotationBeanPostProcessor$AutowiredFieldElement.inject(AutowiredAnnotationBeanPostProcessor.java:640)
	at org.springframework.beans.factory.annotation.InjectionMetadata.inject(InjectionMetadata.java:119)
	at org.springframework.beans.factory.annotation.AutowiredAnnotationBeanPostProcessor.postProcessProperties(AutowiredAnnotationBeanPostProcessor.java:399)
	at org.springframework.beans.factory.support.AbstractAutowireCapableBeanFactory.populateBean(AbstractAutowireCapableBeanFactory.java:1413)
	at org.springframework.beans.factory.support.AbstractAutowireCapableBeanFactory.doCreateBean(AbstractAutowireCapableBeanFactory.java:601)
	at org.springframework.beans.factory.support.AbstractAutowireCapableBeanFactory.createBean(AbstractAutowireCapableBeanFactory.java:524)
	at org.springframework.beans.factory.support.AbstractBeanFactory.lambda$doGetBean$0(AbstractBeanFactory.java:335)
	at org.springframework.beans.factory.support.DefaultSingletonBeanRegistry.getSingleton(DefaultSingletonBeanRegistry.java:234)
	at org.springframework.beans.factory.support.AbstractBeanFactory.doGetBean(AbstractBeanFactory.java:333)
	at org.springframework.beans.factory.support.AbstractBeanFactory.getBean(AbstractBeanFactory.java:208)
	at org.springframework.beans.factory.config.DependencyDescriptor.resolveCandidate(DependencyDescriptor.java:276)
	at org.springframework.beans.factory.support.DefaultListableBeanFactory.doResolveDependency(DefaultListableBeanFactory.java:1380)
	at org.springframework.beans.factory.support.DefaultListableBeanFactory.resolveDependency(DefaultListableBeanFactory.java:1300)
	at org.springframework.beans.factory.annotation.AutowiredAnnotationBeanPostProcessor$AutowiredFieldElement.resolveFieldValue(AutowiredAnnotationBeanPostProcessor.java:657)
	... 26 common frames omitted
Caused by: org.springframework.beans.factory.BeanCreationException: Error creating bean with name 'ICustomerRepo' defined in com.cg.repository.ICustomerRepo defined in @EnableJpaRepositories declared on JpaRepositoriesRegistrar.EnableJpaRepositoriesConfiguration: Invocation of init method failed; nested exception is java.lang.IllegalArgumentException: Failed to create query for method public abstract com.cg.entity.Customer com.cg.repository.ICustomerRepo.viewCustomer(java.lang.String)! No property viewCustomer found for type Customer!
	at org.springframework.beans.factory.support.AbstractAutowireCapableBeanFactory.initializeBean(AbstractAutowireCapableBeanFactory.java:1786)
	at org.springframework.beans.factory.support.AbstractAutowireCapableBeanFactory.doCreateBean(AbstractAutowireCapableBeanFactory.java:602)
	at org.springframework.beans.factory.support.AbstractAutowireCapableBeanFactory.createBean(AbstractAutowireCapableBeanFactory.java:524)
	at org.springframework.beans.factory.support.AbstractBeanFactory.lambda$doGetBean$0(AbstractBeanFactory.java:335)
	at org.springframework.beans.factory.support.DefaultSingletonBeanRegistry.getSingleton(DefaultSingletonBeanRegistry.java:234)
	at org.springframework.beans.factory.support.AbstractBeanFactory.doGetBean(AbstractBeanFactory.java:333)
	at org.springframework.beans.factory.support.AbstractBeanFactory.getBean(AbstractBeanFactory.java:208)
	at org.springframework.beans.factory.config.DependencyDescriptor.resolveCandidate(DependencyDescriptor.java:276)
	at org.springframework.beans.factory.support.DefaultListableBeanFactory.doResolveDependency(DefaultListableBeanFactory.java:1380)
	at org.springframework.beans.factory.support.DefaultListableBeanFactory.resolveDependency(DefaultListableBeanFactory.java:1300)
	at org.springframework.beans.factory.annotation.AutowiredAnnotationBeanPostProcessor$AutowiredFieldElement.resolveFieldValue(AutowiredAnnotationBeanPostProcessor.java:657)
	... 40 common frames omitted
Caused by: java.lang.IllegalArgumentException: Failed to create query for method public abstract com.cg.entity.Customer com.cg.repository.ICustomerRepo.viewCustomer(java.lang.String)! No property viewCustomer found for type Customer!
	at org.springframework.data.jpa.repository.query.PartTreeJpaQuery.<init>(PartTreeJpaQuery.java:96)
	at org.springframework.data.jpa.repository.query.JpaQueryLookupStrategy$CreateQueryLookupStrategy.resolveQuery(JpaQueryLookupStrategy.java:107)
	at org.springframework.data.jpa.repository.query.JpaQueryLookupStrategy$CreateIfNotFoundQueryLookupStrategy.resolveQuery(JpaQueryLookupStrategy.java:218)
	at org.springframework.data.jpa.repository.query.JpaQueryLookupStrategy$AbstractQueryLookupStrategy.resolveQuery(JpaQueryLookupStrategy.java:81)
	at org.springframework.data.repository.core.support.QueryExecutorMethodInterceptor.lookupQuery(QueryExecutorMethodInterceptor.java:100)
	at org.springframework.data.repository.core.support.QueryExecutorMethodInterceptor.lambda$mapMethodsToQuery$1(QueryExecutorMethodInterceptor.java:93)
	at java.base/java.util.stream.ReferencePipeline$3$1.accept(ReferencePipeline.java:195)
	at java.base/java.util.Iterator.forEachRemaining(Iterator.java:133)
	at java.base/java.util.Collections$UnmodifiableCollection$1.forEachRemaining(Collections.java:1056)
	at java.base/java.util.Spliterators$IteratorSpliterator.forEachRemaining(Spliterators.java:1801)
	at java.base/java.util.stream.AbstractPipeline.copyInto(AbstractPipeline.java:484)
	at java.base/java.util.stream.AbstractPipeline.wrapAndCopyInto(AbstractPipeline.java:474)
	at java.base/java.util.stream.ReduceOps$ReduceOp.evaluateSequential(ReduceOps.java:913)
	at java.base/java.util.stream.AbstractPipeline.evaluate(AbstractPipeline.java:234)
	at java.base/java.util.stream.ReferencePipeline.collect(ReferencePipeline.java:578)
	at org.springframework.data.repository.core.support.QueryExecutorMethodInterceptor.mapMethodsToQuery(QueryExecutorMethodInterceptor.java:95)
	at org.springframework.data.repository.core.support.QueryExecutorMethodInterceptor.lambda$new$0(QueryExecutorMethodInterceptor.java:85)
	at java.base/java.util.Optional.map(Optional.java:258)
	at org.springframework.data.repository.core.support.QueryExecutorMethodInterceptor.<init>(QueryExecutorMethodInterceptor.java:85)
	at org.springframework.data.repository.core.support.RepositoryFactorySupport.getRepository(RepositoryFactorySupport.java:303)
	at org.springframework.data.repository.core.support.RepositoryFactoryBeanSupport.lambda$afterPropertiesSet$5(RepositoryFactoryBeanSupport.java:323)
	at org.springframework.data.util.Lazy.getNullable(Lazy.java:230)
	at org.springframework.data.util.Lazy.get(Lazy.java:114)
	at org.springframework.data.repository.core.support.RepositoryFactoryBeanSupport.afterPropertiesSet(RepositoryFactoryBeanSupport.java:329)
	at org.springframework.data.jpa.repository.support.JpaRepositoryFactoryBean.afterPropertiesSet(JpaRepositoryFactoryBean.java:144)
	at org.springframework.beans.factory.support.AbstractAutowireCapableBeanFactory.invokeInitMethods(AbstractAutowireCapableBeanFactory.java:1845)
	at org.springframework.beans.factory.support.AbstractAutowireCapableBeanFactory.initializeBean(AbstractAutowireCapableBeanFactory.java:1782)
	... 50 common frames omitted
Caused by: org.springframework.data.mapping.PropertyReferenceException: No property viewCustomer found for type Customer!
	at org.springframework.data.mapping.PropertyPath.<init>(PropertyPath.java:90)
	at org.springframework.data.mapping.PropertyPath.create(PropertyPath.java:437)
	at org.springframework.data.mapping.PropertyPath.create(PropertyPath.java:413)
	at org.springframework.data.mapping.PropertyPath.lambda$from$0(PropertyPath.java:366)
	at java.base/java.util.concurrent.ConcurrentMap.computeIfAbsent(ConcurrentMap.java:330)
	at org.springframework.data.mapping.PropertyPath.from(PropertyPath.java:348)
	at org.springframework.data.mapping.PropertyPath.from(PropertyPath.java:331)
	at org.springframework.data.repository.query.parser.Part.<init>(Part.java:81)
	at org.springframework.data.repository.query.parser.PartTree$OrPart.lambda$new$0(PartTree.java:249)
	at java.base/java.util.stream.ReferencePipeline$3$1.accept(ReferencePipeline.java:195)
	at java.base/java.util.stream.ReferencePipeline$2$1.accept(ReferencePipeline.java:177)
	at java.base/java.util.Spliterators$ArraySpliterator.forEachRemaining(Spliterators.java:948)
	at java.base/java.util.stream.AbstractPipeline.copyInto(AbstractPipeline.java:484)
	at java.base/java.util.stream.AbstractPipeline.wrapAndCopyInto(AbstractPipeline.java:474)
	at java.base/java.util.stream.ReduceOps$ReduceOp.evaluateSequential(ReduceOps.java:913)
	at java.base/java.util.stream.AbstractPipeline.evaluate(AbstractPipeline.java:234)
	at java.base/java.util.stream.ReferencePipeline.collect(ReferencePipeline.java:578)
	at org.springframework.data.repository.query.parser.PartTree$OrPart.<init>(PartTree.java:250)
	at org.springframework.data.repository.query.parser.PartTree$Predicate.lambda$new$0(PartTree.java:383)
	at java.base/java.util.stream.ReferencePipeline$3$1.accept(ReferencePipeline.java:195)
	at java.base/java.util.stream.ReferencePipeline$2$1.accept(ReferencePipeline.java:177)
	at java.base/java.util.Spliterators$ArraySpliterator.forEachRemaining(Spliterators.java:948)
	at java.base/java.util.stream.AbstractPipeline.copyInto(AbstractPipeline.java:484)
	at java.base/java.util.stream.AbstractPipeline.wrapAndCopyInto(AbstractPipeline.java:474)
	at java.base/java.util.stream.ReduceOps$ReduceOp.evaluateSequential(ReduceOps.java:913)
	at java.base/java.util.stream.AbstractPipeline.evaluate(AbstractPipeline.java:234)
	at java.base/java.util.stream.ReferencePipeline.collect(ReferencePipeline.java:578)
	at org.springframework.data.repository.query.parser.PartTree$Predicate.<init>(PartTree.java:384)
	at org.springframework.data.repository.query.parser.PartTree.<init>(PartTree.java:92)
	at org.springframework.data.jpa.repository.query.PartTreeJpaQuery.<init>(PartTreeJpaQuery.java:89)
	... 76 common frames omitted
2021-05-08 12:18:36,770 INFO org.springframework.boot.StartupInfoLogger [restartedMain] Starting ArealestateapplicationApplication using Java 15.0.2 on LAPTOP-34K7VGO8 with PID 18300 (C:\Users\Bhargavi\eclipse-workspace\arealestateapplication\target\classes started by Bhargavi in C:\Users\Bhargavi\eclipse-workspace\arealestateapplication)
2021-05-08 12:18:36,770 INFO org.springframework.boot.SpringApplication [restartedMain] No active profile set, falling back to default profiles: default
2021-05-08 12:18:36,914 INFO org.springframework.data.repository.config.RepositoryConfigurationDelegate [restartedMain] Bootstrapping Spring Data JPA repositories in DEFAULT mode.
2021-05-08 12:18:36,939 INFO org.springframework.data.repository.config.RepositoryConfigurationDelegate [restartedMain] Finished Spring Data repository scanning in 24 ms. Found 5 JPA repository interfaces.
2021-05-08 12:18:37,037 INFO org.springframework.boot.web.embedded.tomcat.TomcatWebServer [restartedMain] Tomcat initialized with port(s): 8083 (http)
2021-05-08 12:18:37,041 INFO org.apache.juli.logging.DirectJDKLog [restartedMain] Starting service [Tomcat]
2021-05-08 12:18:37,041 INFO org.apache.juli.logging.DirectJDKLog [restartedMain] Starting Servlet engine: [Apache Tomcat/9.0.45]
2021-05-08 12:18:37,058 INFO org.apache.juli.logging.DirectJDKLog [restartedMain] Initializing Spring embedded WebApplicationContext
2021-05-08 12:18:37,058 INFO org.springframework.boot.web.servlet.context.ServletWebServerApplicationContext [restartedMain] Root WebApplicationContext: initialization completed in 286 ms
2021-05-08 12:18:37,086 INFO com.zaxxer.hikari.HikariDataSource [restartedMain] HikariPool-9 - Starting...
2021-05-08 12:18:37,086 WARN com.zaxxer.hikari.util.DriverDataSource [restartedMain] Registered driver with driverClassName=oracle.jdbc.driver.OracleDriver was not found, trying direct instantiation.
2021-05-08 12:18:37,106 INFO com.zaxxer.hikari.HikariDataSource [restartedMain] HikariPool-9 - Start completed.
2021-05-08 12:18:37,113 INFO org.hibernate.jpa.internal.util.LogHelper [restartedMain] HHH000204: Processing PersistenceUnitInfo [name: default]
2021-05-08 12:18:37,117 INFO org.hibernate.dialect.Dialect [restartedMain] HHH000400: Using dialect: org.hibernate.dialect.Oracle10gDialect
2021-05-08 12:18:37,150 INFO org.hibernate.tuple.PojoInstantiator [restartedMain] HHH000182: No default (no-argument) constructor for class: com.cg.entity.Deal (class must be instantiated by Interceptor)
2021-05-08 12:18:37,181 INFO org.hibernate.engine.transaction.jta.platform.internal.JtaPlatformInitiator [restartedMain] HHH000490: Using JtaPlatform implementation: [org.hibernate.engine.transaction.jta.platform.internal.NoJtaPlatform]
2021-05-08 12:18:37,182 INFO org.springframework.orm.jpa.AbstractEntityManagerFactoryBean [restartedMain] Initialized JPA EntityManagerFactory for persistence unit 'default'
2021-05-08 12:18:37,312 WARN org.springframework.boot.autoconfigure.orm.jpa.JpaBaseConfiguration$JpaWebConfiguration [restartedMain] spring.jpa.open-in-view is enabled by default. Therefore, database queries may be performed during view rendering. Explicitly configure spring.jpa.open-in-view to disable this warning
2021-05-08 12:18:37,405 INFO org.springframework.scheduling.concurrent.ExecutorConfigurationSupport [restartedMain] Initializing ExecutorService 'applicationTaskExecutor'
2021-05-08 12:18:37,505 INFO org.springframework.boot.devtools.autoconfigure.OptionalLiveReloadServer [restartedMain] LiveReload server is running on port 35729
2021-05-08 12:18:37,518 INFO org.springframework.boot.web.embedded.tomcat.TomcatWebServer [restartedMain] Tomcat started on port(s): 8083 (http) with context path ''
2021-05-08 12:18:37,523 INFO org.springframework.boot.StartupInfoLogger [restartedMain] Started ArealestateapplicationApplication in 0.787 seconds (JVM running for 10745.493)
2021-05-08 12:18:37,524 INFO org.springframework.boot.devtools.autoconfigure.ConditionEvaluationDeltaLoggingListener [restartedMain] Condition evaluation unchanged
2021-05-08 12:19:13,668 INFO org.springframework.boot.admin.SpringApplicationAdminMXBeanRegistrar$SpringApplicationAdmin [RMI TCP Connection(183)-127.0.0.1] Application shutdown requested.
2021-05-08 12:19:13,692 INFO org.springframework.scheduling.concurrent.ExecutorConfigurationSupport [RMI TCP Connection(183)-127.0.0.1] Shutting down ExecutorService 'applicationTaskExecutor'
2021-05-08 12:19:13,693 INFO org.springframework.orm.jpa.AbstractEntityManagerFactoryBean [RMI TCP Connection(183)-127.0.0.1] Closing JPA EntityManagerFactory for persistence unit 'default'
2021-05-08 12:19:13,693 INFO com.zaxxer.hikari.HikariDataSource [RMI TCP Connection(183)-127.0.0.1] HikariPool-9 - Shutdown initiated...
2021-05-08 12:19:13,698 INFO com.zaxxer.hikari.HikariDataSource [RMI TCP Connection(183)-127.0.0.1] HikariPool-9 - Shutdown completed.
